14:47:40 **** Incremental Build of configuration Debug for project Encoder ****
make -j28 all 
arm-none-eabi-gcc "../Core/Src/main.c" -mcpu=cortex-m4 -std=gnu11 -g3 -DDEBUG -DUSE_HAL_DRIVER -DSTM32F401xE -c -I../Core/Inc -I../Drivers/STM32F4xx_HAL_Driver/Inc -I../Drivers/STM32F4xx_HAL_Driver/Inc/Legacy -I../Drivers/CMSIS/Device/ST/STM32F4xx/Include -I../Drivers/CMSIS/Include -O0 -ffunction-sections -fdata-sections -Wall -fstack-usage -fcyclomatic-complexity -MMD -MP -MF"Core/Src/main.d" -MT"Core/Src/main.o" --specs=nano.specs -mfpu=fpv4-sp-d16 -mfloat-abi=hard -mthumb -o "Core/Src/main.o"
../Core/Src/main.c:54:24: error: initializer element is not constant
   54 | uint16_t TIM3_Period = htim3.Init.Period;
      |                        ^~~~~
../Core/Src/main.c: In function 'HAL_TIM_PeriodElapsedCallback':
../Core/Src/main.c:96:33: warning: implicit declaration of function 'snprintf' [-Wimplicit-function-declaration]
   96 |                 string_length = snprintf(buffer, sizeof(buffer), "rpm: %.2f, pos: %d\n", rpm, new_position);
      |                                 ^~~~~~~~
../Core/Src/main.c:21:1: note: include '<stdio.h>' or provide a declaration of 'snprintf'
   20 | #include "main.h"
  +++ |+#include <stdio.h>
   21 | 
../Core/Src/main.c:96:33: warning: incompatible implicit declaration of built-in function 'snprintf' [-Wbuiltin-declaration-mismatch]
   96 |                 string_length = snprintf(buffer, sizeof(buffer), "rpm: %.2f, pos: %d\n", rpm, new_position);
      |                                 ^~~~~~~~
../Core/Src/main.c:96:33: note: include '<stdio.h>' or provide a declaration of 'snprintf'
../Core/Src/main.c:98:48: warning: pointer targets in passing argument 2 of 'HAL_UART_Transmit_DMA' differ in signedness [-Wpointer-sign]
   98 |                 HAL_UART_Transmit_DMA(&huart2, buffer, string_length);
      |                                                ^~~~~~
      |                                                |
      |                                                char *
In file included from ../Core/Inc/stm32f4xx_hal_conf.h:411,
                 from ../Drivers/STM32F4xx_HAL_Driver/Inc/stm32f4xx_hal.h:29,
                 from ../Core/Inc/main.h:30,
                 from ../Core/Src/main.c:20:
../Drivers/STM32F4xx_HAL_Driver/Inc/stm32f4xx_hal_uart.h:749:83: note: expected 'const uint8_t *' {aka 'const unsigned char *'} but argument is of type 'char *'
  749 | HAL_StatusTypeDef HAL_UART_Transmit_DMA(UART_HandleTypeDef *huart, const uint8_t *pData, uint16_t Size);
      |                                                                    ~~~~~~~~~~~~~~~^~~~~
make: *** [Core/Src/subdir.mk:34: Core/Src/main.o] Error 1
"make -j28 all" terminated with exit code 2. Build might be incomplete.
14:49:49 **** Incremental Build of configuration Debug for project Encoder ****
make -j28 all 
arm-none-eabi-gcc "../Core/Src/main.c" -mcpu=cortex-m4 -std=gnu11 -g3 -DDEBUG -DUSE_HAL_DRIVER -DSTM32F401xE -c -I../Core/Inc -I../Drivers/STM32F4xx_HAL_Driver/Inc -I../Drivers/STM32F4xx_HAL_Driver/Inc/Legacy -I../Drivers/CMSIS/Device/ST/STM32F4xx/Include -I../Drivers/CMSIS/Include -O0 -ffunction-sections -fdata-sections -Wall -fstack-usage -fcyclomatic-complexity -MMD -MP -MF"Core/Src/main.d" -MT"Core/Src/main.o" --specs=nano.specs -mfpu=fpv4-sp-d16 -mfloat-abi=hard -mthumb -o "Core/Src/main.o"
../Core/Src/main.c: In function 'HAL_TIM_PeriodElapsedCallback':
../Core/Src/main.c:93:33: warning: implicit declaration of function 'snprintf' [-Wimplicit-function-declaration]
   93 |                 string_length = snprintf(buffer, sizeof(buffer), "rpm: %.2f, pos: %d\n", rpm, new_position);
      |                                 ^~~~~~~~
../Core/Src/main.c:21:1: note: include '<stdio.h>' or provide a declaration of 'snprintf'
   20 | #include "main.h"
  +++ |+#include <stdio.h>
   21 | 
../Core/Src/main.c:93:33: warning: incompatible implicit declaration of built-in function 'snprintf' [-Wbuiltin-declaration-mismatch]
   93 |                 string_length = snprintf(buffer, sizeof(buffer), "rpm: %.2f, pos: %d\n", rpm, new_position);
      |                                 ^~~~~~~~
../Core/Src/main.c:93:33: note: include '<stdio.h>' or provide a declaration of 'snprintf'
../Core/Src/main.c:95:48: warning: pointer targets in passing argument 2 of 'HAL_UART_Transmit_DMA' differ in signedness [-Wpointer-sign]
   95 |                 HAL_UART_Transmit_DMA(&huart2, buffer, string_length);
      |                                                ^~~~~~
      |                                                |
      |                                                char *
In file included from ../Core/Inc/stm32f4xx_hal_conf.h:411,
                 from ../Drivers/STM32F4xx_HAL_Driver/Inc/stm32f4xx_hal.h:29,
                 from ../Core/Inc/main.h:30,
                 from ../Core/Src/main.c:20:
../Drivers/STM32F4xx_HAL_Driver/Inc/stm32f4xx_hal_uart.h:749:83: note: expected 'const uint8_t *' {aka 'const unsigned char *'} but argument is of type 'char *'
  749 | HAL_StatusTypeDef HAL_UART_Transmit_DMA(UART_HandleTypeDef *huart, const uint8_t *pData, uint16_t Size);
      |                                                                    ~~~~~~~~~~~~~~~^~~~~
../Core/Src/main.c:78:26: warning: unused variable 'TIM3_Period' [-Wunused-variable]
   78 |                 uint16_t TIM3_Period = htim3.Init.Period;       //htim3.Init.Period = 65535
      |                          ^~~~~~~~~~~
arm-none-eabi-gcc -o "Encoder.elf" @"objects.list"   -mcpu=cortex-m4 -T"C:\Users\marco\Desktop\git_sensor_local\Sensor-Systems-Labs\LAB_10\Encoder\Encoder\STM32F401RETX_FLASH.ld" --specs=nosys.specs -Wl,-Map="Encoder.map" -Wl,--gc-sections -static --specs=nano.specs -mfpu=fpv4-sp-d16 -mfloat-abi=hard -mthumb -u _printf_float -u _scanf_float -Wl,--start-group -lc -lm -Wl,--end-group
Finished building target: Encoder.elf
 
arm-none-eabi-size  Encoder.elf 
arm-none-eabi-objdump -h -S Encoder.elf  > "Encoder.list"
   text	   data	    bss	    dec	    hex	filename
  39264	    468	   2292	  42024	   a428	Encoder.elf
Finished building: default.size.stdout
 
Finished building: Encoder.list
 
14:50:24 **** Incremental Build of configuration Debug for project Encoder ****
make -j28 all 
arm-none-eabi-gcc "../Core/Src/main.c" -mcpu=cortex-m4 -std=gnu11 -g3 -DDEBUG -DUSE_HAL_DRIVER -DSTM32F401xE -c -I../Core/Inc -I../Drivers/STM32F4xx_HAL_Driver/Inc -I../Drivers/STM32F4xx_HAL_Driver/Inc/Legacy -I../Drivers/CMSIS/Device/ST/STM32F4xx/Include -I../Drivers/CMSIS/Include -O0 -ffunction-sections -fdata-sections -Wall -fstack-usage -fcyclomatic-complexity -MMD -MP -MF"Core/Src/main.d" -MT"Core/Src/main.o" --specs=nano.specs -mfpu=fpv4-sp-d16 -mfloat-abi=hard -mthumb -o "Core/Src/main.o"
../Core/Src/main.c: In function 'HAL_TIM_PeriodElapsedCallback':
../Core/Src/main.c:93:33: warning: implicit declaration of function 'snprintf' [-Wimplicit-function-declaration]
   93 |                 string_length = snprintf(buffer, sizeof(buffer), "rpm: %.2f, pos: %d\n", rpm, new_position);
      |                                 ^~~~~~~~
../Core/Src/main.c:21:1: note: include '<stdio.h>' or provide a declaration of 'snprintf'
   20 | #include "main.h"
  +++ |+#include <stdio.h>
   21 | 
../Core/Src/main.c:93:33: warning: incompatible implicit declaration of built-in function 'snprintf' [-Wbuiltin-declaration-mismatch]
   93 |                 string_length = snprintf(buffer, sizeof(buffer), "rpm: %.2f, pos: %d\n", rpm, new_position);
      |                                 ^~~~~~~~
../Core/Src/main.c:93:33: note: include '<stdio.h>' or provide a declaration of 'snprintf'
../Core/Src/main.c:95:48: warning: pointer targets in passing argument 2 of 'HAL_UART_Transmit_DMA' differ in signedness [-Wpointer-sign]
   95 |                 HAL_UART_Transmit_DMA(&huart2, buffer, string_length);
      |                                                ^~~~~~
      |                                                |
      |                                                char *
In file included from ../Core/Inc/stm32f4xx_hal_conf.h:411,
                 from ../Drivers/STM32F4xx_HAL_Driver/Inc/stm32f4xx_hal.h:29,
                 from ../Core/Inc/main.h:30,
                 from ../Core/Src/main.c:20:
../Drivers/STM32F4xx_HAL_Driver/Inc/stm32f4xx_hal_uart.h:749:83: note: expected 'const uint8_t *' {aka 'const unsigned char *'} but argument is of type 'char *'
  749 | HAL_StatusTypeDef HAL_UART_Transmit_DMA(UART_HandleTypeDef *huart, const uint8_t *pData, uint16_t Size);
      |                                                                    ~~~~~~~~~~~~~~~^~~~~
arm-none-eabi-gcc -o "Encoder.elf" @"objects.list"   -mcpu=cortex-m4 -T"C:\Users\marco\Desktop\git_sensor_local\Sensor-Systems-Labs\LAB_10\Encoder\Encoder\STM32F401RETX_FLASH.ld" --specs=nosys.specs -Wl,-Map="Encoder.map" -Wl,--gc-sections -static --specs=nano.specs -mfpu=fpv4-sp-d16 -mfloat-abi=hard -mthumb -u _printf_float -u _scanf_float -Wl,--start-group -lc -lm -Wl,--end-group
Finished building target: Encoder.elf
 
arm-none-eabi-size  Encoder.elf 
arm-none-eabi-objdump -h -S Encoder.elf  > "Encoder.list"
   text	   data	    bss	    dec	    hex	filename
  39264	    468	   2292	  42024	   a428	Encoder.elf
Finished building: default.size.stdout
 
Finished building: Encoder.list
 
14:53:21 **** Incremental Build of configuration Debug for project Encoder ****
make -j28 all 
arm-none-eabi-gcc "../Core/Src/main.c" -mcpu=cortex-m4 -std=gnu11 -g3 -DDEBUG -DUSE_HAL_DRIVER -DSTM32F401xE -c -I../Core/Inc -I../Drivers/STM32F4xx_HAL_Driver/Inc -I../Drivers/STM32F4xx_HAL_Driver/Inc/Legacy -I../Drivers/CMSIS/Device/ST/STM32F4xx/Include -I../Drivers/CMSIS/Include -O0 -ffunction-sections -fdata-sections -Wall -fstack-usage -fcyclomatic-complexity -MMD -MP -MF"Core/Src/main.d" -MT"Core/Src/main.o" --specs=nano.specs -mfpu=fpv4-sp-d16 -mfloat-abi=hard -mthumb -o "Core/Src/main.o"
../Core/Src/main.c: In function 'HAL_TIM_PeriodElapsedCallback':
../Core/Src/main.c:92:33: warning: implicit declaration of function 'snprintf' [-Wimplicit-function-declaration]
   92 |                 string_length = snprintf(buffer, sizeof(buffer), "rpm: %.2f, pos: %d\n", rpm, new_position);
      |                                 ^~~~~~~~
../Core/Src/main.c:21:1: note: include '<stdio.h>' or provide a declaration of 'snprintf'
   20 | #include "main.h"
  +++ |+#include <stdio.h>
   21 | 
../Core/Src/main.c:92:33: warning: incompatible implicit declaration of built-in function 'snprintf' [-Wbuiltin-declaration-mismatch]
   92 |                 string_length = snprintf(buffer, sizeof(buffer), "rpm: %.2f, pos: %d\n", rpm, new_position);
      |                                 ^~~~~~~~
../Core/Src/main.c:92:33: note: include '<stdio.h>' or provide a declaration of 'snprintf'
../Core/Src/main.c:94:48: warning: pointer targets in passing argument 2 of 'HAL_UART_Transmit_DMA' differ in signedness [-Wpointer-sign]
   94 |                 HAL_UART_Transmit_DMA(&huart2, buffer, string_length);
      |                                                ^~~~~~
      |                                                |
      |                                                char *
In file included from ../Core/Inc/stm32f4xx_hal_conf.h:411,
                 from ../Drivers/STM32F4xx_HAL_Driver/Inc/stm32f4xx_hal.h:29,
                 from ../Core/Inc/main.h:30,
                 from ../Core/Src/main.c:20:
../Drivers/STM32F4xx_HAL_Driver/Inc/stm32f4xx_hal_uart.h:749:83: note: expected 'const uint8_t *' {aka 'const unsigned char *'} but argument is of type 'char *'
  749 | HAL_StatusTypeDef HAL_UART_Transmit_DMA(UART_HandleTypeDef *huart, const uint8_t *pData, uint16_t Size);
      |                                                                    ~~~~~~~~~~~~~~~^~~~~
arm-none-eabi-gcc -o "Encoder.elf" @"objects.list"   -mcpu=cortex-m4 -T"C:\Users\marco\Desktop\git_sensor_local\Sensor-Systems-Labs\LAB_10\Encoder\Encoder\STM32F401RETX_FLASH.ld" --specs=nosys.specs -Wl,-Map="Encoder.map" -Wl,--gc-sections -static --specs=nano.specs -mfpu=fpv4-sp-d16 -mfloat-abi=hard -mthumb -u _printf_float -u _scanf_float -Wl,--start-group -lc -lm -Wl,--end-group
Finished building target: Encoder.elf
 
arm-none-eabi-size  Encoder.elf 
arm-none-eabi-objdump -h -S Encoder.elf  > "Encoder.list"
   text	   data	    bss	    dec	    hex	filename
  39264	    468	   2292	  42024	   a428	Encoder.elf
Finished building: default.size.stdout
 
Finished building: Encoder.list
 
15:20:30 **** Incremental Build of configuration Debug for project Encoder ****
make -j28 all 
arm-none-eabi-gcc "../Core/Src/main.c" -mcpu=cortex-m4 -std=gnu11 -g3 -DDEBUG -DUSE_HAL_DRIVER -DSTM32F401xE -c -I../Core/Inc -I../Drivers/STM32F4xx_HAL_Driver/Inc -I../Drivers/STM32F4xx_HAL_Driver/Inc/Legacy -I../Drivers/CMSIS/Device/ST/STM32F4xx/Include -I../Drivers/CMSIS/Include -O0 -ffunction-sections -fdata-sections -Wall -fstack-usage -fcyclomatic-complexity -MMD -MP -MF"Core/Src/main.d" -MT"Core/Src/main.o" --specs=nano.specs -mfpu=fpv4-sp-d16 -mfloat-abi=hard -mthumb -o "Core/Src/main.o"
../Core/Src/main.c: In function 'HAL_TIM_PeriodElapsedCallback':
../Core/Src/main.c:92:33: warning: implicit declaration of function 'snprintf' [-Wimplicit-function-declaration]
   92 |                 string_length = snprintf(buffer, sizeof(buffer), "rpm: %.2f, pos: %d\n", rpm, new_position);
      |                                 ^~~~~~~~
../Core/Src/main.c:21:1: note: include '<stdio.h>' or provide a declaration of 'snprintf'
   20 | #include "main.h"
  +++ |+#include <stdio.h>
   21 | 
../Core/Src/main.c:92:33: warning: incompatible implicit declaration of built-in function 'snprintf' [-Wbuiltin-declaration-mismatch]
   92 |                 string_length = snprintf(buffer, sizeof(buffer), "rpm: %.2f, pos: %d\n", rpm, new_position);
      |                                 ^~~~~~~~
../Core/Src/main.c:92:33: note: include '<stdio.h>' or provide a declaration of 'snprintf'
../Core/Src/main.c:94:48: warning: pointer targets in passing argument 2 of 'HAL_UART_Transmit_DMA' differ in signedness [-Wpointer-sign]
   94 |                 HAL_UART_Transmit_DMA(&huart2, buffer, string_length);
      |                                                ^~~~~~
      |                                                |
      |                                                char *
In file included from ../Core/Inc/stm32f4xx_hal_conf.h:411,
                 from ../Drivers/STM32F4xx_HAL_Driver/Inc/stm32f4xx_hal.h:29,
                 from ../Core/Inc/main.h:30,
                 from ../Core/Src/main.c:20:
../Drivers/STM32F4xx_HAL_Driver/Inc/stm32f4xx_hal_uart.h:749:83: note: expected 'const uint8_t *' {aka 'const unsigned char *'} but argument is of type 'char *'
  749 | HAL_StatusTypeDef HAL_UART_Transmit_DMA(UART_HandleTypeDef *huart, const uint8_t *pData, uint16_t Size);
      |                                                                    ~~~~~~~~~~~~~~~^~~~~
arm-none-eabi-gcc -o "Encoder.elf" @"objects.list"   -mcpu=cortex-m4 -T"C:\Users\marco\Desktop\git_sensor_local\Sensor-Systems-Labs\LAB_10\Encoder\Encoder\STM32F401RETX_FLASH.ld" --specs=nosys.specs -Wl,-Map="Encoder.map" -Wl,--gc-sections -static --specs=nano.specs -mfpu=fpv4-sp-d16 -mfloat-abi=hard -mthumb -u _printf_float -u _scanf_float -Wl,--start-group -lc -lm -Wl,--end-group
Finished building target: Encoder.elf
 
arm-none-eabi-size  Encoder.elf 
arm-none-eabi-objdump -h -S Encoder.elf  > "Encoder.list"
   text	   data	    bss	    dec	    hex	filename
  39256	    468	   2292	  42016	   a420	Encoder.elf
Finished building: default.size.stdout
 
Finished building: Encoder.list
 
15:25:05 **** Incremental Build of configuration Debug for project Encoder ****
make -j28 all 
arm-none-eabi-gcc "../Core/Src/main.c" -mcpu=cortex-m4 -std=gnu11 -g3 -DDEBUG -DUSE_HAL_DRIVER -DSTM32F401xE -c -I../Core/Inc -I../Drivers/STM32F4xx_HAL_Driver/Inc -I../Drivers/STM32F4xx_HAL_Driver/Inc/Legacy -I../Drivers/CMSIS/Device/ST/STM32F4xx/Include -I../Drivers/CMSIS/Include -O0 -ffunction-sections -fdata-sections -Wall -fstack-usage -fcyclomatic-complexity -MMD -MP -MF"Core/Src/main.d" -MT"Core/Src/main.o" --specs=nano.specs -mfpu=fpv4-sp-d16 -mfloat-abi=hard -mthumb -o "Core/Src/main.o"
../Core/Src/main.c: In function 'HAL_TIM_PeriodElapsedCallback':
../Core/Src/main.c:91:33: warning: implicit declaration of function 'snprintf' [-Wimplicit-function-declaration]
   91 |                 string_length = snprintf(buffer, sizeof(buffer), "rpm: %.2f, pos: %d\n", rpm, new_position);
      |                                 ^~~~~~~~
../Core/Src/main.c:21:1: note: include '<stdio.h>' or provide a declaration of 'snprintf'
   20 | #include "main.h"
  +++ |+#include <stdio.h>
   21 | 
../Core/Src/main.c:91:33: warning: incompatible implicit declaration of built-in function 'snprintf' [-Wbuiltin-declaration-mismatch]
   91 |                 string_length = snprintf(buffer, sizeof(buffer), "rpm: %.2f, pos: %d\n", rpm, new_position);
      |                                 ^~~~~~~~
../Core/Src/main.c:91:33: note: include '<stdio.h>' or provide a declaration of 'snprintf'
../Core/Src/main.c:93:48: warning: pointer targets in passing argument 2 of 'HAL_UART_Transmit_DMA' differ in signedness [-Wpointer-sign]
   93 |                 HAL_UART_Transmit_DMA(&huart2, buffer, string_length);
      |                                                ^~~~~~
      |                                                |
      |                                                char *
In file included from ../Core/Inc/stm32f4xx_hal_conf.h:411,
                 from ../Drivers/STM32F4xx_HAL_Driver/Inc/stm32f4xx_hal.h:29,
                 from ../Core/Inc/main.h:30,
                 from ../Core/Src/main.c:20:
../Drivers/STM32F4xx_HAL_Driver/Inc/stm32f4xx_hal_uart.h:749:83: note: expected 'const uint8_t *' {aka 'const unsigned char *'} but argument is of type 'char *'
  749 | HAL_StatusTypeDef HAL_UART_Transmit_DMA(UART_HandleTypeDef *huart, const uint8_t *pData, uint16_t Size);
      |                                                                    ~~~~~~~~~~~~~~~^~~~~
arm-none-eabi-gcc -o "Encoder.elf" @"objects.list"   -mcpu=cortex-m4 -T"C:\Users\marco\Desktop\git_sensor_local\Sensor-Systems-Labs\LAB_10\Encoder\Encoder\STM32F401RETX_FLASH.ld" --specs=nosys.specs -Wl,-Map="Encoder.map" -Wl,--gc-sections -static --specs=nano.specs -mfpu=fpv4-sp-d16 -mfloat-abi=hard -mthumb -u _printf_float -u _scanf_float -Wl,--start-group -lc -lm -Wl,--end-group
Finished building target: Encoder.elf
 
arm-none-eabi-size  Encoder.elf 
arm-none-eabi-objdump -h -S Encoder.elf  > "Encoder.list"
   text	   data	    bss	    dec	    hex	filename
  39232	    468	   2292	  41992	   a408	Encoder.elf
Finished building: default.size.stdout
 
Finished building: Encoder.list
 
15:28:25 **** Incremental Build of configuration Debug for project Encoder ****
make -j28 all 
arm-none-eabi-gcc "../Core/Src/main.c" -mcpu=cortex-m4 -std=gnu11 -g3 -DDEBUG -DUSE_HAL_DRIVER -DSTM32F401xE -c -I../Core/Inc -I../Drivers/STM32F4xx_HAL_Driver/Inc -I../Drivers/STM32F4xx_HAL_Driver/Inc/Legacy -I../Drivers/CMSIS/Device/ST/STM32F4xx/Include -I../Drivers/CMSIS/Include -O0 -ffunction-sections -fdata-sections -Wall -fstack-usage -fcyclomatic-complexity -MMD -MP -MF"Core/Src/main.d" -MT"Core/Src/main.o" --specs=nano.specs -mfpu=fpv4-sp-d16 -mfloat-abi=hard -mthumb -o "Core/Src/main.o"
../Core/Src/main.c: In function 'HAL_TIM_PeriodElapsedCallback':
../Core/Src/main.c:93:41: warning: implicit declaration of function 'snprintf' [-Wimplicit-function-declaration]
   93 |                         string_length = snprintf(buffer, sizeof(buffer), "rpm: %.2f clockwise, pos: %d\n", abs(rpm), new_position);
      |                                         ^~~~~~~~
../Core/Src/main.c:21:1: note: include '<stdio.h>' or provide a declaration of 'snprintf'
   20 | #include "main.h"
  +++ |+#include <stdio.h>
   21 | 
../Core/Src/main.c:93:41: warning: incompatible implicit declaration of built-in function 'snprintf' [-Wbuiltin-declaration-mismatch]
   93 |                         string_length = snprintf(buffer, sizeof(buffer), "rpm: %.2f clockwise, pos: %d\n", abs(rpm), new_position);
      |                                         ^~~~~~~~
../Core/Src/main.c:93:41: note: include '<stdio.h>' or provide a declaration of 'snprintf'
../Core/Src/main.c:93:108: warning: implicit declaration of function 'abs' [-Wimplicit-function-declaration]
   93 |                         string_length = snprintf(buffer, sizeof(buffer), "rpm: %.2f clockwise, pos: %d\n", abs(rpm), new_position);
      |                                                                                                            ^~~
../Core/Src/main.c:21:1: note: include '<stdlib.h>' or provide a declaration of 'abs'
   20 | #include "main.h"
  +++ |+#include <stdlib.h>
   21 | 
../Core/Src/main.c:93:112: warning: 'abs' argument 1 promotes to 'double' where 'int' is expected in a call to built-in function declared without prototype [-Wbuiltin-declaration-mismatch]
   93 |                         string_length = snprintf(buffer, sizeof(buffer), "rpm: %.2f clockwise, pos: %d\n", abs(rpm), new_position);
      |                                                                                                                ^~~
<built-in>: note: built-in 'abs' declared here
../Core/Src/main.c:93:83: warning: format '%f' expects argument of type 'double', but argument 4 has type 'int' [-Wformat=]
   93 |                         string_length = snprintf(buffer, sizeof(buffer), "rpm: %.2f clockwise, pos: %d\n", abs(rpm), new_position);
      |                                                                                ~~~^                        ~~~~~~~~
      |                                                                                   |                        |
      |                                                                                   double                   int
      |                                                                                %.2d
../Core/Src/main.c:97:41: warning: incompatible implicit declaration of built-in function 'snprintf' [-Wbuiltin-declaration-mismatch]
   97 |                         string_length = snprintf(buffer, sizeof(buffer), "rpm: %.2f anticlockwise, pos: %d\n", abs(rpm), new_position);
      |                                         ^~~~~~~~
../Core/Src/main.c:97:41: note: include '<stdio.h>' or provide a declaration of 'snprintf'
../Core/Src/main.c:97:116: warning: 'abs' argument 1 promotes to 'double' where 'int' is expected in a call to built-in function declared without prototype [-Wbuiltin-declaration-mismatch]
   97 |                         string_length = snprintf(buffer, sizeof(buffer), "rpm: %.2f anticlockwise, pos: %d\n", abs(rpm), new_position);
      |                                                                                                                    ^~~
<built-in>: note: built-in 'abs' declared here
../Core/Src/main.c:97:83: warning: format '%f' expects argument of type 'double', but argument 4 has type 'int' [-Wformat=]
   97 |                         string_length = snprintf(buffer, sizeof(buffer), "rpm: %.2f anticlockwise, pos: %d\n", abs(rpm), new_position);
      |                                                                                ~~~^                            ~~~~~~~~
      |                                                                                   |                            |
      |                                                                                   double                       int
      |                                                                                %.2d
../Core/Src/main.c:101:41: warning: incompatible implicit declaration of built-in function 'snprintf' [-Wbuiltin-declaration-mismatch]
  101 |                         string_length = snprintf(buffer, sizeof(buffer), "rpm: %.2f resting, pos: %d\n", abs(rpm), new_position);
      |                                         ^~~~~~~~
../Core/Src/main.c:101:41: note: include '<stdio.h>' or provide a declaration of 'snprintf'
../Core/Src/main.c:101:110: warning: 'abs' argument 1 promotes to 'double' where 'int' is expected in a call to built-in function declared without prototype [-Wbuiltin-declaration-mismatch]
  101 |                         string_length = snprintf(buffer, sizeof(buffer), "rpm: %.2f resting, pos: %d\n", abs(rpm), new_position);
      |                                                                                                              ^~~
<built-in>: note: built-in 'abs' declared here
../Core/Src/main.c:101:83: warning: format '%f' expects argument of type 'double', but argument 4 has type 'int' [-Wformat=]
  101 |                         string_length = snprintf(buffer, sizeof(buffer), "rpm: %.2f resting, pos: %d\n", abs(rpm), new_position);
      |                                                                                ~~~^                      ~~~~~~~~
      |                                                                                   |                      |
      |                                                                                   double                 int
      |                                                                                %.2d
../Core/Src/main.c:106:48: warning: pointer targets in passing argument 2 of 'HAL_UART_Transmit_DMA' differ in signedness [-Wpointer-sign]
  106 |                 HAL_UART_Transmit_DMA(&huart2, buffer, string_length);
      |                                                ^~~~~~
      |                                                |
      |                                                char *
In file included from ../Core/Inc/stm32f4xx_hal_conf.h:411,
                 from ../Drivers/STM32F4xx_HAL_Driver/Inc/stm32f4xx_hal.h:29,
                 from ../Core/Inc/main.h:30,
                 from ../Core/Src/main.c:20:
../Drivers/STM32F4xx_HAL_Driver/Inc/stm32f4xx_hal_uart.h:749:83: note: expected 'const uint8_t *' {aka 'const unsigned char *'} but argument is of type 'char *'
  749 | HAL_StatusTypeDef HAL_UART_Transmit_DMA(UART_HandleTypeDef *huart, const uint8_t *pData, uint16_t Size);
      |                                                                    ~~~~~~~~~~~~~~~^~~~~
arm-none-eabi-gcc -o "Encoder.elf" @"objects.list"   -mcpu=cortex-m4 -T"C:\Users\marco\Desktop\git_sensor_local\Sensor-Systems-Labs\LAB_10\Encoder\Encoder\STM32F401RETX_FLASH.ld" --specs=nosys.specs -Wl,-Map="Encoder.map" -Wl,--gc-sections -static --specs=nano.specs -mfpu=fpv4-sp-d16 -mfloat-abi=hard -mthumb -u _printf_float -u _scanf_float -Wl,--start-group -lc -lm -Wl,--end-group
Finished building target: Encoder.elf
 
arm-none-eabi-size  Encoder.elf 
arm-none-eabi-objdump -h -S Encoder.elf  > "Encoder.list"
   text	   data	    bss	    dec	    hex	filename
  39464	    468	   2292	  42224	   a4f0	Encoder.elf
Finished building: default.size.stdout
 
Finished building: Encoder.list
 
15:29:32 **** Incremental Build of configuration Debug for project Encoder ****
make -j28 all 
arm-none-eabi-gcc "../Core/Src/main.c" -mcpu=cortex-m4 -std=gnu11 -g3 -DDEBUG -DUSE_HAL_DRIVER -DSTM32F401xE -c -I../Core/Inc -I../Drivers/STM32F4xx_HAL_Driver/Inc -I../Drivers/STM32F4xx_HAL_Driver/Inc/Legacy -I../Drivers/CMSIS/Device/ST/STM32F4xx/Include -I../Drivers/CMSIS/Include -O0 -ffunction-sections -fdata-sections -Wall -fstack-usage -fcyclomatic-complexity -MMD -MP -MF"Core/Src/main.d" -MT"Core/Src/main.o" --specs=nano.specs -mfpu=fpv4-sp-d16 -mfloat-abi=hard -mthumb -o "Core/Src/main.o"
../Core/Src/main.c: In function 'HAL_TIM_PeriodElapsedCallback':
../Core/Src/main.c:93:41: warning: implicit declaration of function 'snprintf' [-Wimplicit-function-declaration]
   93 |                         string_length = snprintf(buffer, sizeof(buffer), "rpm: %.2f clockwise, pos: %d\n", rpm, new_position);
      |                                         ^~~~~~~~
../Core/Src/main.c:21:1: note: include '<stdio.h>' or provide a declaration of 'snprintf'
   20 | #include "main.h"
  +++ |+#include <stdio.h>
   21 | 
../Core/Src/main.c:93:41: warning: incompatible implicit declaration of built-in function 'snprintf' [-Wbuiltin-declaration-mismatch]
   93 |                         string_length = snprintf(buffer, sizeof(buffer), "rpm: %.2f clockwise, pos: %d\n", rpm, new_position);
      |                                         ^~~~~~~~
../Core/Src/main.c:93:41: note: include '<stdio.h>' or provide a declaration of 'snprintf'
../Core/Src/main.c:97:41: warning: incompatible implicit declaration of built-in function 'snprintf' [-Wbuiltin-declaration-mismatch]
   97 |                         string_length = snprintf(buffer, sizeof(buffer), "rpm: %.2f anticlockwise, pos: %d\n", -rpm, new_position);
      |                                         ^~~~~~~~
../Core/Src/main.c:97:41: note: include '<stdio.h>' or provide a declaration of 'snprintf'
../Core/Src/main.c:101:41: warning: incompatible implicit declaration of built-in function 'snprintf' [-Wbuiltin-declaration-mismatch]
  101 |                         string_length = snprintf(buffer, sizeof(buffer), "rpm: %.2f resting, pos: %d\n", rpm, new_position);
      |                                         ^~~~~~~~
../Core/Src/main.c:101:41: note: include '<stdio.h>' or provide a declaration of 'snprintf'
../Core/Src/main.c:106:48: warning: pointer targets in passing argument 2 of 'HAL_UART_Transmit_DMA' differ in signedness [-Wpointer-sign]
  106 |                 HAL_UART_Transmit_DMA(&huart2, buffer, string_length);
      |                                                ^~~~~~
      |                                                |
      |                                                char *
In file included from ../Core/Inc/stm32f4xx_hal_conf.h:411,
                 from ../Drivers/STM32F4xx_HAL_Driver/Inc/stm32f4xx_hal.h:29,
                 from ../Core/Inc/main.h:30,
                 from ../Core/Src/main.c:20:
../Drivers/STM32F4xx_HAL_Driver/Inc/stm32f4xx_hal_uart.h:749:83: note: expected 'const uint8_t *' {aka 'const unsigned char *'} but argument is of type 'char *'
  749 | HAL_StatusTypeDef HAL_UART_Transmit_DMA(UART_HandleTypeDef *huart, const uint8_t *pData, uint16_t Size);
      |                                                                    ~~~~~~~~~~~~~~~^~~~~
arm-none-eabi-gcc -o "Encoder.elf" @"objects.list"   -mcpu=cortex-m4 -T"C:\Users\marco\Desktop\git_sensor_local\Sensor-Systems-Labs\LAB_10\Encoder\Encoder\STM32F401RETX_FLASH.ld" --specs=nosys.specs -Wl,-Map="Encoder.map" -Wl,--gc-sections -static --specs=nano.specs -mfpu=fpv4-sp-d16 -mfloat-abi=hard -mthumb -u _printf_float -u _scanf_float -Wl,--start-group -lc -lm -Wl,--end-group
Finished building target: Encoder.elf
 
arm-none-eabi-size  Encoder.elf 
arm-none-eabi-objdump -h -S Encoder.elf  > "Encoder.list"
   text	   data	    bss	    dec	    hex	filename
  39448	    468	   2292	  42208	   a4e0	Encoder.elf
Finished building: default.size.stdout
 
Finished building: Encoder.list
 
15:31:04 **** Incremental Build of configuration Debug for project Encoder ****
make -j28 all 
arm-none-eabi-gcc "../Core/Src/main.c" -mcpu=cortex-m4 -std=gnu11 -g3 -DDEBUG -DUSE_HAL_DRIVER -DSTM32F401xE -c -I../Core/Inc -I../Drivers/STM32F4xx_HAL_Driver/Inc -I../Drivers/STM32F4xx_HAL_Driver/Inc/Legacy -I../Drivers/CMSIS/Device/ST/STM32F4xx/Include -I../Drivers/CMSIS/Include -O0 -ffunction-sections -fdata-sections -Wall -fstack-usage -fcyclomatic-complexity -MMD -MP -MF"Core/Src/main.d" -MT"Core/Src/main.o" --specs=nano.specs -mfpu=fpv4-sp-d16 -mfloat-abi=hard -mthumb -o "Core/Src/main.o"
../Core/Src/main.c: In function 'HAL_TIM_PeriodElapsedCallback':
../Core/Src/main.c:93:41: warning: implicit declaration of function 'snprintf' [-Wimplicit-function-declaration]
   93 |                         string_length = snprintf(buffer, sizeof(buffer), "rpm: %.2f clockwise \n", rpm, new_position);
      |                                         ^~~~~~~~
../Core/Src/main.c:21:1: note: include '<stdio.h>' or provide a declaration of 'snprintf'
   20 | #include "main.h"
  +++ |+#include <stdio.h>
   21 | 
../Core/Src/main.c:93:41: warning: incompatible implicit declaration of built-in function 'snprintf' [-Wbuiltin-declaration-mismatch]
   93 |                         string_length = snprintf(buffer, sizeof(buffer), "rpm: %.2f clockwise \n", rpm, new_position);
      |                                         ^~~~~~~~
../Core/Src/main.c:93:41: note: include '<stdio.h>' or provide a declaration of 'snprintf'
../Core/Src/main.c:93:74: warning: too many arguments for format [-Wformat-extra-args]
   93 |                         string_length = snprintf(buffer, sizeof(buffer), "rpm: %.2f clockwise \n", rpm, new_position);
      |                                                                          ^~~~~~~~~~~~~~~~~~~~~~~~
../Core/Src/main.c:97:41: warning: incompatible implicit declaration of built-in function 'snprintf' [-Wbuiltin-declaration-mismatch]
   97 |                         string_length = snprintf(buffer, sizeof(buffer), "rpm: %.2f anticlockwise \n", -rpm, new_position);
      |                                         ^~~~~~~~
../Core/Src/main.c:97:41: note: include '<stdio.h>' or provide a declaration of 'snprintf'
../Core/Src/main.c:97:74: warning: too many arguments for format [-Wformat-extra-args]
   97 |                         string_length = snprintf(buffer, sizeof(buffer), "rpm: %.2f anticlockwise \n", -rpm, new_position);
      |                                                                          ^~~~~~~~~~~~~~~~~~~~~~~~~~~~
../Core/Src/main.c:101:41: warning: incompatible implicit declaration of built-in function 'snprintf' [-Wbuiltin-declaration-mismatch]
  101 |                         string_length = snprintf(buffer, sizeof(buffer), "rpm: %.2f resting \n", rpm, new_position);
      |                                         ^~~~~~~~
../Core/Src/main.c:101:41: note: include '<stdio.h>' or provide a declaration of 'snprintf'
../Core/Src/main.c:101:74: warning: too many arguments for format [-Wformat-extra-args]
  101 |                         string_length = snprintf(buffer, sizeof(buffer), "rpm: %.2f resting \n", rpm, new_position);
      |                                                                          ^~~~~~~~~~~~~~~~~~~~~~
../Core/Src/main.c:106:48: warning: pointer targets in passing argument 2 of 'HAL_UART_Transmit_DMA' differ in signedness [-Wpointer-sign]
  106 |                 HAL_UART_Transmit_DMA(&huart2, buffer, string_length);
      |                                                ^~~~~~
      |                                                |
      |                                                char *
In file included from ../Core/Inc/stm32f4xx_hal_conf.h:411,
                 from ../Drivers/STM32F4xx_HAL_Driver/Inc/stm32f4xx_hal.h:29,
                 from ../Core/Inc/main.h:30,
                 from ../Core/Src/main.c:20:
../Drivers/STM32F4xx_HAL_Driver/Inc/stm32f4xx_hal_uart.h:749:83: note: expected 'const uint8_t *' {aka 'const unsigned char *'} but argument is of type 'char *'
  749 | HAL_StatusTypeDef HAL_UART_Transmit_DMA(UART_HandleTypeDef *huart, const uint8_t *pData, uint16_t Size);
      |                                                                    ~~~~~~~~~~~~~~~^~~~~
arm-none-eabi-gcc -o "Encoder.elf" @"objects.list"   -mcpu=cortex-m4 -T"C:\Users\marco\Desktop\git_sensor_local\Sensor-Systems-Labs\LAB_10\Encoder\Encoder\STM32F401RETX_FLASH.ld" --specs=nosys.specs -Wl,-Map="Encoder.map" -Wl,--gc-sections -static --specs=nano.specs -mfpu=fpv4-sp-d16 -mfloat-abi=hard -mthumb -u _printf_float -u _scanf_float -Wl,--start-group -lc -lm -Wl,--end-group
Finished building target: Encoder.elf
 
arm-none-eabi-size  Encoder.elf 
arm-none-eabi-objdump -h -S Encoder.elf  > "Encoder.list"
   text	   data	    bss	    dec	    hex	filename
  39424	    468	   2292	  42184	   a4c8	Encoder.elf
Finished building: default.size.stdout
 
Finished building: Encoder.list
 
15:42:00 **** Incremental Build of configuration Debug for project Encoder ****
make -j28 all 
arm-none-eabi-gcc "../Core/Src/main.c" -mcpu=cortex-m4 -std=gnu11 -g3 -DDEBUG -DUSE_HAL_DRIVER -DSTM32F401xE -c -I../Core/Inc -I../Drivers/STM32F4xx_HAL_Driver/Inc -I../Drivers/STM32F4xx_HAL_Driver/Inc/Legacy -I../Drivers/CMSIS/Device/ST/STM32F4xx/Include -I../Drivers/CMSIS/Include -O0 -ffunction-sections -fdata-sections -Wall -fstack-usage -fcyclomatic-complexity -MMD -MP -MF"Core/Src/main.d" -MT"Core/Src/main.o" --specs=nano.specs -mfpu=fpv4-sp-d16 -mfloat-abi=hard -mthumb -o "Core/Src/main.o"
../Core/Src/main.c: In function 'HAL_TIM_PeriodElapsedCallback':
../Core/Src/main.c:95:33: warning: implicit declaration of function 'snprintf' [-Wimplicit-function-declaration]
   95 |                 string_length = snprintf(string, sizeof(string), "rpm: %.f \n", rpm);
      |                                 ^~~~~~~~
../Core/Src/main.c:21:1: note: include '<stdio.h>' or provide a declaration of 'snprintf'
   20 | #include "main.h"
  +++ |+#include <stdio.h>
   21 | 
../Core/Src/main.c:95:33: warning: incompatible implicit declaration of built-in function 'snprintf' [-Wbuiltin-declaration-mismatch]
   95 |                 string_length = snprintf(string, sizeof(string), "rpm: %.f \n", rpm);
      |                                 ^~~~~~~~
../Core/Src/main.c:95:33: note: include '<stdio.h>' or provide a declaration of 'snprintf'
../Core/Src/main.c:97:72: error: expected ')' before '}' token
   97 |                 HAL_UART_Transmit_DMA(&huart2, string, string_length    //Send the string via UART to PC;
      |                                      ~                              ^~~~
      |                                                                        )
   98 |         }
      |         ~                                                            
../Core/Src/main.c:97:48: warning: pointer targets in passing argument 2 of 'HAL_UART_Transmit_DMA' differ in signedness [-Wpointer-sign]
   97 |                 HAL_UART_Transmit_DMA(&huart2, string, string_length    //Send the string via UART to PC;
      |                                                ^~~~~~
      |                                                |
      |                                                char *
In file included from ../Core/Inc/stm32f4xx_hal_conf.h:411,
                 from ../Drivers/STM32F4xx_HAL_Driver/Inc/stm32f4xx_hal.h:29,
                 from ../Core/Inc/main.h:30,
                 from ../Core/Src/main.c:20:
../Drivers/STM32F4xx_HAL_Driver/Inc/stm32f4xx_hal_uart.h:749:83: note: expected 'const uint8_t *' {aka 'const unsigned char *'} but argument is of type 'char *'
  749 | HAL_StatusTypeDef HAL_UART_Transmit_DMA(UART_HandleTypeDef *huart, const uint8_t *pData, uint16_t Size);
      |                                                                    ~~~~~~~~~~~~~~~^~~~~
../Core/Src/main.c:97:72: error: expected ';' before '}' token
   97 |                 HAL_UART_Transmit_DMA(&huart2, string, string_length    //Send the string via UART to PC;
      |                                                                     ^~~~
      |                                                                        ;
   98 |         }
      |         ~                                                            
make: *** [Core/Src/subdir.mk:34: Core/Src/main.o] Error 1
"make -j28 all" terminated with exit code 2. Build might be incomplete.
15:42:11 **** Incremental Build of configuration Debug for project Encoder ****
make -j28 all 
arm-none-eabi-gcc "../Core/Src/main.c" -mcpu=cortex-m4 -std=gnu11 -g3 -DDEBUG -DUSE_HAL_DRIVER -DSTM32F401xE -c -I../Core/Inc -I../Drivers/STM32F4xx_HAL_Driver/Inc -I../Drivers/STM32F4xx_HAL_Driver/Inc/Legacy -I../Drivers/CMSIS/Device/ST/STM32F4xx/Include -I../Drivers/CMSIS/Include -O0 -ffunction-sections -fdata-sections -Wall -fstack-usage -fcyclomatic-complexity -MMD -MP -MF"Core/Src/main.d" -MT"Core/Src/main.o" --specs=nano.specs -mfpu=fpv4-sp-d16 -mfloat-abi=hard -mthumb -o "Core/Src/main.o"
../Core/Src/main.c: In function 'HAL_TIM_PeriodElapsedCallback':
../Core/Src/main.c:95:33: warning: implicit declaration of function 'snprintf' [-Wimplicit-function-declaration]
   95 |                 string_length = snprintf(string, sizeof(string), "rpm: %.f \n", rpm);
      |                                 ^~~~~~~~
../Core/Src/main.c:21:1: note: include '<stdio.h>' or provide a declaration of 'snprintf'
   20 | #include "main.h"
  +++ |+#include <stdio.h>
   21 | 
../Core/Src/main.c:95:33: warning: incompatible implicit declaration of built-in function 'snprintf' [-Wbuiltin-declaration-mismatch]
   95 |                 string_length = snprintf(string, sizeof(string), "rpm: %.f \n", rpm);
      |                                 ^~~~~~~~
../Core/Src/main.c:95:33: note: include '<stdio.h>' or provide a declaration of 'snprintf'
../Core/Src/main.c:97:48: warning: pointer targets in passing argument 2 of 'HAL_UART_Transmit_DMA' differ in signedness [-Wpointer-sign]
   97 |                 HAL_UART_Transmit_DMA(&huart2, string, string_length);  //Send the string via UART to PC;
      |                                                ^~~~~~
      |                                                |
      |                                                char *
In file included from ../Core/Inc/stm32f4xx_hal_conf.h:411,
                 from ../Drivers/STM32F4xx_HAL_Driver/Inc/stm32f4xx_hal.h:29,
                 from ../Core/Inc/main.h:30,
                 from ../Core/Src/main.c:20:
../Drivers/STM32F4xx_HAL_Driver/Inc/stm32f4xx_hal_uart.h:749:83: note: expected 'const uint8_t *' {aka 'const unsigned char *'} but argument is of type 'char *'
  749 | HAL_StatusTypeDef HAL_UART_Transmit_DMA(UART_HandleTypeDef *huart, const uint8_t *pData, uint16_t Size);
      |                                                                    ~~~~~~~~~~~~~~~^~~~~
arm-none-eabi-gcc -o "Encoder.elf" @"objects.list"   -mcpu=cortex-m4 -T"C:\Users\marco\Desktop\git_sensor_local\Sensor-Systems-Labs\LAB_10\Encoder\Encoder\STM32F401RETX_FLASH.ld" --specs=nosys.specs -Wl,-Map="Encoder.map" -Wl,--gc-sections -static --specs=nano.specs -mfpu=fpv4-sp-d16 -mfloat-abi=hard -mthumb -u _printf_float -u _scanf_float -Wl,--start-group -lc -lm -Wl,--end-group
Finished building target: Encoder.elf
 
arm-none-eabi-size  Encoder.elf 
arm-none-eabi-objdump -h -S Encoder.elf  > "Encoder.list"
   text	   data	    bss	    dec	    hex	filename
  39216	    468	   2292	  41976	   a3f8	Encoder.elf
Finished building: default.size.stdout
 
Finished building: Encoder.list
 
15:42:37 **** Incremental Build of configuration Debug for project Encoder ****
make -j28 all 
arm-none-eabi-gcc "../Core/Src/main.c" -mcpu=cortex-m4 -std=gnu11 -g3 -DDEBUG -DUSE_HAL_DRIVER -DSTM32F401xE -c -I../Core/Inc -I../Drivers/STM32F4xx_HAL_Driver/Inc -I../Drivers/STM32F4xx_HAL_Driver/Inc/Legacy -I../Drivers/CMSIS/Device/ST/STM32F4xx/Include -I../Drivers/CMSIS/Include -O0 -ffunction-sections -fdata-sections -Wall -fstack-usage -fcyclomatic-complexity -MMD -MP -MF"Core/Src/main.d" -MT"Core/Src/main.o" --specs=nano.specs -mfpu=fpv4-sp-d16 -mfloat-abi=hard -mthumb -o "Core/Src/main.o"
../Core/Src/main.c: In function 'HAL_TIM_PeriodElapsedCallback':
../Core/Src/main.c:95:33: warning: implicit declaration of function 'snprintf' [-Wimplicit-function-declaration]
   95 |                 string_length = snprintf(string, sizeof(string), "rpm: %.1f \n", rpm);
      |                                 ^~~~~~~~
../Core/Src/main.c:21:1: note: include '<stdio.h>' or provide a declaration of 'snprintf'
   20 | #include "main.h"
  +++ |+#include <stdio.h>
   21 | 
../Core/Src/main.c:95:33: warning: incompatible implicit declaration of built-in function 'snprintf' [-Wbuiltin-declaration-mismatch]
   95 |                 string_length = snprintf(string, sizeof(string), "rpm: %.1f \n", rpm);
      |                                 ^~~~~~~~
../Core/Src/main.c:95:33: note: include '<stdio.h>' or provide a declaration of 'snprintf'
../Core/Src/main.c:97:48: warning: pointer targets in passing argument 2 of 'HAL_UART_Transmit_DMA' differ in signedness [-Wpointer-sign]
   97 |                 HAL_UART_Transmit_DMA(&huart2, string, string_length);  //Send the string via UART to PC;
      |                                                ^~~~~~
      |                                                |
      |                                                char *
In file included from ../Core/Inc/stm32f4xx_hal_conf.h:411,
                 from ../Drivers/STM32F4xx_HAL_Driver/Inc/stm32f4xx_hal.h:29,
                 from ../Core/Inc/main.h:30,
                 from ../Core/Src/main.c:20:
../Drivers/STM32F4xx_HAL_Driver/Inc/stm32f4xx_hal_uart.h:749:83: note: expected 'const uint8_t *' {aka 'const unsigned char *'} but argument is of type 'char *'
  749 | HAL_StatusTypeDef HAL_UART_Transmit_DMA(UART_HandleTypeDef *huart, const uint8_t *pData, uint16_t Size);
      |                                                                    ~~~~~~~~~~~~~~~^~~~~
arm-none-eabi-gcc -o "Encoder.elf" @"objects.list"   -mcpu=cortex-m4 -T"C:\Users\marco\Desktop\git_sensor_local\Sensor-Systems-Labs\LAB_10\Encoder\Encoder\STM32F401RETX_FLASH.ld" --specs=nosys.specs -Wl,-Map="Encoder.map" -Wl,--gc-sections -static --specs=nano.specs -mfpu=fpv4-sp-d16 -mfloat-abi=hard -mthumb -u _printf_float -u _scanf_float -Wl,--start-group -lc -lm -Wl,--end-group
Finished building target: Encoder.elf
 
arm-none-eabi-size  Encoder.elf 
arm-none-eabi-objdump -h -S Encoder.elf  > "Encoder.list"
   text	   data	    bss	    dec	    hex	filename
  39216	    468	   2292	  41976	   a3f8	Encoder.elf
Finished building: default.size.stdout
 
Finished building: Encoder.list
 
